<?xml version="1.0" encoding="UTF-8"?>
<!-- Generated by org.testng.reporters.JUnitXMLReporter -->
<testsuite hostname="DESKTOP-NOBQL6Q" ignored="0" name="TestCases" tests="12" failures="1" timestamp="2020-04-07T15:22:38 IST" time="371.852" errors="0">
  <testcase name="JobTitleForm" time="12.457" classname="com.qa.hrm.TestCases.AddJobTitleTest"/>
  <testcase name="validateGenralInfo" time="7.427" classname="com.qa.hrm.TestCases.GeneralInfoTestCase">
    <failure type="org.testng.internal.reflect.MethodMatcherException" message="
[public void com.qa.hrm.TestCases.GeneralInfoTestCase.validateGenralInfo(java.lang.String,java.lang.CharSequence[],java.lang.String,java.lang.String,java.lang.String,java.lang.CharSequence[],java.lang.CharSequence[],java.lang.String,java.lang.String) throws java.io.IOException] has no parameters defined but was found to be using a data provider (either explicitly specified or inherited from class level annotation).
Data provider mismatch
Method: validateGenralInfo([Parameter{index=0, type=java.lang.String, declaredAnnotations=[]}, Parameter{index=1, type=[Ljava.lang.CharSequence;, declaredAnnotations=[]}, Parameter{index=2, type=java.lang.String, declaredAnnotations=[]}, Parameter{index=3, type=java.lang.String, declaredAnnotations=[]}, Parameter{index=4, type=java.lang.String, declaredAnnotations=[]}, Parameter{index=5, type=[Ljava.lang.CharSequence;, declaredAnnotations=[]}, Parameter{index=6, type=[Ljava.lang.CharSequence;, declaredAnnotations=[]}, Parameter{index=7, type=java.lang.String, declaredAnnotations=[]}, Parameter{index=8, type=java.lang.String, declaredAnnotations=[]}])
Arguments: [(java.lang.String) Ankita,(java.lang.String) 9.99999999E8,(java.lang.String) ankita@orageHRM.com,(java.lang.String) Paharganj,(java.lang.String) Delhi,(java.lang.String) 568878.0,(java.lang.String) 565455.0,(java.lang.String) Delhi]">
      <![CDATA[org.testng.internal.reflect.MethodMatcherException: 
[public void com.qa.hrm.TestCases.GeneralInfoTestCase.validateGenralInfo(java.lang.String,java.lang.CharSequence[],java.lang.String,java.lang.String,java.lang.String,java.lang.CharSequence[],java.lang.CharSequence[],java.lang.String,java.lang.String) throws java.io.IOException] has no parameters defined but was found to be using a data provider (either explicitly specified or inherited from class level annotation).
Data provider mismatch
Method: validateGenralInfo([Parameter{index=0, type=java.lang.String, declaredAnnotations=[]}, Parameter{index=1, type=[Ljava.lang.CharSequence;, declaredAnnotations=[]}, Parameter{index=2, type=java.lang.String, declaredAnnotations=[]}, Parameter{index=3, type=java.lang.String, declaredAnnotations=[]}, Parameter{index=4, type=java.lang.String, declaredAnnotations=[]}, Parameter{index=5, type=[Ljava.lang.CharSequence;, declaredAnnotations=[]}, Parameter{index=6, type=[Ljava.lang.CharSequence;, declaredAnnotations=[]}, Parameter{index=7, type=java.lang.String, declaredAnnotations=[]}, Parameter{index=8, type=java.lang.String, declaredAnnotations=[]}])
Arguments: [(java.lang.String) Ankita,(java.lang.String) 9.99999999E8,(java.lang.String) ankita@orageHRM.com,(java.lang.String) Paharganj,(java.lang.String) Delhi,(java.lang.String) 568878.0,(java.lang.String) 565455.0,(java.lang.String) Delhi]
at java.util.ArrayList.forEach(ArrayList.java:1257)
... Removed 22 stack frames]]>
    </failure>
  </testcase> <!-- validateGenralInfo -->
  <testcase name="validateAdminJobTest" time="1.751" classname="com.qa.hrm.TestCases.HomeTestCase"/>
  <testcase name="ValidateAdminLinkTest" time="9.014" classname="com.qa.hrm.TestCases.HomeTestCase"/>
  <testcase name="AddTitleTestCase" time="1.016" classname="com.qa.hrm.TestCases.JobPageTest"/>
  <testcase name="ValidateJobTitleCheckboxClick" time="0.496" classname="com.qa.hrm.TestCases.JobPageTest"/>
  <testcase name="ValidateTitleTest" time="0.063" classname="com.qa.hrm.TestCases.LoginPageTest"/>
  <testcase name="ValidateImageDisplay" time="0.36" classname="com.qa.hrm.TestCases.LoginPageTest"/>
  <testcase name="LoginTest" time="11.196" classname="com.qa.hrm.TestCases.LoginPageTest"/>
  <testcase name="ValidateAlert" time="2.622" classname="com.qa.hrm.TestCases.OrganizationStructureTestCase"/>
  <testcase name="ValidateSystemUsers" time="3.206" classname="com.qa.hrm.TestCases.SystemUserTestCase"/>
  <testcase name="JobTitleForm" time="1.112" classname="com.qa.hrm.TestCases.WorkShiftTestCase"/>
</testsuite> <!-- TestCases -->
