<?xml version="1.0" encoding="UTF-8"?>
<!-- Generated by org.testng.reporters.JUnitXMLReporter -->
<testsuite ignored="0" hostname="DESKTOP-NOBQL6Q" failures="1" tests="13" name="Command line test" time="486.466" errors="0" timestamp="2020-04-07T19:47:46 IST">
  <testcase classname="com.qa.hrm.TestCases.AddJobTitleTest" name="JobTitleForm" time="12.088"/>
  <testcase classname="com.qa.hrm.TestCases.GeneralInfoTestCase" name="validateGenralInfo" time="17.601">
    <failure type="org.testng.internal.reflect.MethodMatcherException" message="
[public void com.qa.hrm.TestCases.GeneralInfoTestCase.validateGenralInfo(java.lang.String,java.lang.CharSequence[],java.lang.String,java.lang.String,java.lang.String,java.lang.CharSequence[],java.lang.CharSequence[],java.lang.String,java.lang.String) throws java.io.IOException] has no parameters defined but was found to be using a data provider (either explicitly specified or inherited from class level annotation).
Data provider mismatch
Method: validateGenralInfo([Parameter{index=0, type=java.lang.String, declaredAnnotations=[]}, Parameter{index=1, type=[Ljava.lang.CharSequence;, declaredAnnotations=[]}, Parameter{index=2, type=java.lang.String, declaredAnnotations=[]}, Parameter{index=3, type=java.lang.String, declaredAnnotations=[]}, Parameter{index=4, type=java.lang.String, declaredAnnotations=[]}, Parameter{index=5, type=[Ljava.lang.CharSequence;, declaredAnnotations=[]}, Parameter{index=6, type=[Ljava.lang.CharSequence;, declaredAnnotations=[]}, Parameter{index=7, type=java.lang.String, declaredAnnotations=[]}, Parameter{index=8, type=java.lang.String, declaredAnnotations=[]}])
Arguments: [(java.lang.String) Ankita,(java.lang.String) 9.99999999E8,(java.lang.String) ankita@orageHRM.com,(java.lang.String) Paharganj,(java.lang.String) Delhi,(java.lang.String) 568878.0,(java.lang.String) 565455.0,(java.lang.String) Delhi]">
      <![CDATA[org.testng.internal.reflect.MethodMatcherException: 
[public void com.qa.hrm.TestCases.GeneralInfoTestCase.validateGenralInfo(java.lang.String,java.lang.CharSequence[],java.lang.String,java.lang.String,java.lang.String,java.lang.CharSequence[],java.lang.CharSequence[],java.lang.String,java.lang.String) throws java.io.IOException] has no parameters defined but was found to be using a data provider (either explicitly specified or inherited from class level annotation).
Data provider mismatch
Method: validateGenralInfo([Parameter{index=0, type=java.lang.String, declaredAnnotations=[]}, Parameter{index=1, type=[Ljava.lang.CharSequence;, declaredAnnotations=[]}, Parameter{index=2, type=java.lang.String, declaredAnnotations=[]}, Parameter{index=3, type=java.lang.String, declaredAnnotations=[]}, Parameter{index=4, type=java.lang.String, declaredAnnotations=[]}, Parameter{index=5, type=[Ljava.lang.CharSequence;, declaredAnnotations=[]}, Parameter{index=6, type=[Ljava.lang.CharSequence;, declaredAnnotations=[]}, Parameter{index=7, type=java.lang.String, declaredAnnotations=[]}, Parameter{index=8, type=java.lang.String, declaredAnnotations=[]}])
Arguments: [(java.lang.String) Ankita,(java.lang.String) 9.99999999E8,(java.lang.String) ankita@orageHRM.com,(java.lang.String) Paharganj,(java.lang.String) Delhi,(java.lang.String) 568878.0,(java.lang.String) 565455.0,(java.lang.String) Delhi]
at java.base/java.util.ArrayList.forEach(Unknown Source)
... Removed 32 stack frames]]>
    </failure>
  </testcase> <!-- validateGenralInfo -->
  <testcase classname="com.qa.hrm.TestCases.HomeTestCase" name="validateAdminJobTest" time="2.159"/>
  <testcase classname="com.qa.hrm.TestCases.HomeTestCase" name="ValidateAdminLinkTest" time="3.12"/>
  <testcase classname="com.qa.hrm.TestCases.JobPageTest" name="AddTitleTestCase" time="1.551"/>
  <testcase classname="com.qa.hrm.TestCases.JobPageTest" name="ValidateJobTitleCheckboxClick" time="0.419"/>
  <testcase classname="com.qa.hrm.TestCases.LoginPageTest" name="ValidateTitleTest" time="0.095"/>
  <testcase classname="com.qa.hrm.TestCases.LoginPageTest" name="ValidateImageDisplay" time="3.022"/>
  <testcase classname="com.qa.hrm.TestCases.LoginPageTest" name="LoginTest" time="7.31"/>
  <testcase classname="com.qa.hrm.TestCases.OrganizationStructureTestCase" name="ValidateAlert" time="3.735"/>
  <testcase classname="com.qa.hrm.TestCases.SystemUserTestCase" name="ValidateSystemUsers" time="3.826"/>
  <testcase classname="com.qa.hrm.TestCases.WorkShiftTestCase" name="JobTitleForm" time="1.37"/>
  <testcase classname="NewTest" name="f" time="0.0"/>
</testsuite> <!-- Command line test -->
