<!DOCTYPE html PUBLIC "-//W3C//DTD XHTML 1.1//EN" "http://www.w3.org/TR/xhtml11/DTD/xhtml11.dtd">
<html xmlns="http://www.w3.org/1999/xhtml">
<head>
<meta http-equiv="content-type" content="text/html; charset=UTF-8"/>
<title>TestNG Report</title>
<style type="text/css">table {margin-bottom:10px;border-collapse:collapse;empty-cells:show}th,td {border:1px solid #009;padding:.25em .5em}th {vertical-align:bottom}td {vertical-align:top}table a {font-weight:bold}.stripe td {background-color: #E6EBF9}.num {text-align:right}.passedodd td {background-color: #3F3}.passedeven td {background-color: #0A0}.skippedodd td {background-color: #DDD}.skippedeven td {background-color: #CCC}.failedodd td,.attn {background-color: #F33}.failedeven td,.stripe .attn {background-color: #D00}.stacktrace {white-space:pre;font-family:monospace}.totop {font-size:85%;text-align:center;border-bottom:2px solid #000}.invisible {display:none}</style>
</head>
<body>
<table>
<tr><th>Test</th><th># Passed</th><th># Skipped</th><th># Retried</th><th># Failed</th><th>Time (ms)</th><th>Included Groups</th><th>Excluded Groups</th></tr>
<tr><th colspan="8">FREE CRM Application Test Automation Test Suite</th></tr>
<tr><td><a href="#t0">HRM test case</a></td><td class="num">10</td><td class="num">0</td><td class="num">0</td><td class="num attn">2</td><td class="num">364,715</td><td></td><td></td></tr>
</table>
<table id='summary'><thead><tr><th>Class</th><th>Method</th><th>Start</th><th>Time (ms)</th></tr></thead><tbody><tr><th colspan="4">FREE CRM Application Test Automation Test Suite</th></tr></tbody><tbody id="t0"><tr><th colspan="4">HRM test case &#8212; failed</th></tr><tr class="failedeven"><td rowspan="1">com.qa.hrm.TestCases.AddJobTitleTest</td><td><a href="#m0">JobTitleForm</a></td><td rowspan="1">1586258519514</td><td rowspan="1">41959</td></tr><tr class="failedodd"><td rowspan="1">com.qa.hrm.TestCases.GeneralInfoTestCase</td><td><a href="#m1">validateGenralInfo</a></td><td rowspan="1">1586258562437</td><td rowspan="1">5032</td></tr><tr><th colspan="4">HRM test case &#8212; passed</th></tr><tr class="passedeven"><td rowspan="2">com.qa.hrm.TestCases.HomeTestCase</td><td><a href="#m2">ValidateAdminLinkTest</a></td><td rowspan="1">1586258616669</td><td rowspan="1">6048</td></tr><tr class="passedeven"><td><a href="#m3">validateAdminJobTest</a></td><td rowspan="1">1586258591758</td><td rowspan="1">2161</td></tr><tr class="passedodd"><td rowspan="2">com.qa.hrm.TestCases.JobPageTest</td><td><a href="#m4">AddTitleTestCase</a></td><td rowspan="1">1586258649762</td><td rowspan="1">1049</td></tr><tr class="passedodd"><td><a href="#m5">ValidateJobTitleCheckboxClick</a></td><td rowspan="1">1586258681307</td><td rowspan="1">332</td></tr><tr class="passedeven"><td rowspan="3">com.qa.hrm.TestCases.LoginPageTest</td><td><a href="#m6">LoginTest</a></td><td rowspan="1">1586258738352</td><td rowspan="1">7349</td></tr><tr class="passedeven"><td><a href="#m7">ValidateImageDisplay</a></td><td rowspan="1">1586258719180</td><td rowspan="1">272</td></tr><tr class="passedeven"><td><a href="#m8">ValidateTitleTest</a></td><td rowspan="1">1586258700721</td><td rowspan="1">296</td></tr><tr class="passedodd"><td rowspan="1">com.qa.hrm.TestCases.OrganizationStructureTestCase</td><td><a href="#m9">ValidateAlert</a></td><td rowspan="1">1586258773443</td><td rowspan="1">2731</td></tr><tr class="passedeven"><td rowspan="1">com.qa.hrm.TestCases.SystemUserTestCase</td><td><a href="#m10">ValidateSystemUsers</a></td><td rowspan="1">1586258803570</td><td rowspan="1">3088</td></tr><tr class="passedodd"><td rowspan="1">com.qa.hrm.TestCases.WorkShiftTestCase</td><td><a href="#m11">JobTitleForm</a></td><td rowspan="1">1586258832488</td><td rowspan="1">1320</td></tr></tbody>
</table>
<h2>HRM test case</h2><h3 id="m0">com.qa.hrm.TestCases.AddJobTitleTest#JobTitleForm</h3><table class="result"><tr><th>Exception</th></tr><tr><td><div class="stacktrace">org.openqa.selenium.NoSuchElementException: no such element: Unable to locate element: {&quot;method&quot;:&quot;xpath&quot;,&quot;selector&quot;:&quot;//input[@class=&apos;editButton&apos;]&quot;}
  (Session info: chrome=80.0.3987.163)
For documentation on this error, please visit: https://selenium.dev/exceptions/#no_such_element
Build info: version: &apos;4.0.0-alpha-5&apos;, revision: &apos;b3a0d621cc&apos;
System info: host: &apos;DESKTOP-NOBQL6Q&apos;, ip: &apos;192.168.1.7&apos;, os.name: &apos;Windows 10&apos;, os.arch: &apos;amd64&apos;, os.version: &apos;10.0&apos;, java.version: &apos;1.8.0_202&apos;
Driver info: org.openqa.selenium.chrome.ChromeDriver
Capabilities {acceptInsecureCerts: false, browserName: chrome, browserVersion: 80.0.3987.163, chrome: {chromedriverVersion: 79.0.3945.36 (3582db32b3389..., userDataDir: C:\Users\Shruthi\AppData\Lo...}, goog:chromeOptions: {debuggerAddress: localhost:52174}, javascriptEnabled: true, networkConnectionEnabled: false, pageLoadStrategy: normal, platform: WINDOWS, platformName: WINDOWS, proxy: Proxy(), setWindowRect: true, strictFileInteractability: false, timeouts: {implicit: 0, pageLoad: 300000, script: 30000}, unhandledPromptBehavior: dismiss and notify}
Session ID: 687704b20b0f03c0f56abcc62756162d
*** Element info: {Using=xpath, value=//input[@class=&apos;editButton&apos;]}
	at org.openqa.selenium.remote.codec.w3c.W3CHttpResponseCodec.createException(W3CHttpResponseCodec.java:196)
	at org.openqa.selenium.remote.codec.w3c.W3CHttpResponseCodec.decode(W3CHttpResponseCodec.java:129)
	at org.openqa.selenium.remote.codec.w3c.W3CHttpResponseCodec.decode(W3CHttpResponseCodec.java:53)
	at org.openqa.selenium.remote.HttpCommandExecutor.execute(HttpCommandExecutor.java:161)
	at org.openqa.selenium.remote.service.DriverCommandExecutor.execute(DriverCommandExecutor.java:83)
	at org.openqa.selenium.remote.RemoteWebDriver.execute(RemoteWebDriver.java:582)
	at org.openqa.selenium.remote.RemoteWebDriver.findElement(RemoteWebDriver.java:333)
	at org.openqa.selenium.remote.RemoteWebDriver.findElementByXPath(RemoteWebDriver.java:451)
	at org.openqa.selenium.By$ByXPath.findElement(By.java:394)
	at org.openqa.selenium.remote.RemoteWebDriver.findElement(RemoteWebDriver.java:325)
	at org.openqa.selenium.support.pagefactory.DefaultElementLocator.findElement(DefaultElementLocator.java:70)
	at org.openqa.selenium.support.pagefactory.internal.LocatingElementHandler.invoke(LocatingElementHandler.java:39)
	at com.sun.proxy.$Proxy14.click(Unknown Source)
	at com.qa.hrm.pages.AddJobTitlePage.JobTitleForm(AddJobTitlePage.java:43)
	at com.qa.hrm.TestCases.AddJobTitleTest.JobTitleForm(AddJobTitleTest.java:40)
	at java.util.ArrayList.forEach(ArrayList.java:1257)
... Removed 31 stack frames</div></td></tr></table><p class="totop"><a href="#summary">back to summary</a></p>
<h3 id="m1">com.qa.hrm.TestCases.GeneralInfoTestCase#validateGenralInfo</h3><table class="result"><tr><th>Exception</th></tr><tr><td><div class="stacktrace">org.testng.internal.reflect.MethodMatcherException: 
[public void com.qa.hrm.TestCases.GeneralInfoTestCase.validateGenralInfo(java.lang.String,java.lang.CharSequence[],java.lang.String,java.lang.String,java.lang.String,java.lang.CharSequence[],java.lang.CharSequence[],java.lang.String,java.lang.String) throws java.io.IOException] has no parameters defined but was found to be using a data provider (either explicitly specified or inherited from class level annotation).
Data provider mismatch
Method: validateGenralInfo([Parameter{index=0, type=java.lang.String, declaredAnnotations=[]}, Parameter{index=1, type=[Ljava.lang.CharSequence;, declaredAnnotations=[]}, Parameter{index=2, type=java.lang.String, declaredAnnotations=[]}, Parameter{index=3, type=java.lang.String, declaredAnnotations=[]}, Parameter{index=4, type=java.lang.String, declaredAnnotations=[]}, Parameter{index=5, type=[Ljava.lang.CharSequence;, declaredAnnotations=[]}, Parameter{index=6, type=[Ljava.lang.CharSequence;, declaredAnnotations=[]}, Parameter{index=7, type=java.lang.String, declaredAnnotations=[]}, Parameter{index=8, type=java.lang.String, declaredAnnotations=[]}])
Arguments: [(java.lang.String) Ankita,(java.lang.String) 9.99999999E8,(java.lang.String) ankita@orageHRM.com,(java.lang.String) Paharganj,(java.lang.String) Delhi,(java.lang.String) 568878.0,(java.lang.String) 565455.0,(java.lang.String) Delhi]
	at java.util.ArrayList.forEach(ArrayList.java:1257)
... Removed 22 stack frames</div></td></tr></table><p class="totop"><a href="#summary">back to summary</a></p>
<h3 id="m2">com.qa.hrm.TestCases.HomeTestCase#ValidateAdminLinkTest</h3><table class="result"><tr><th class="invisible"/></tr></table><p class="totop"><a href="#summary">back to summary</a></p>
<h3 id="m3">com.qa.hrm.TestCases.HomeTestCase#validateAdminJobTest</h3><table class="result"><tr><th class="invisible"/></tr></table><p class="totop"><a href="#summary">back to summary</a></p>
<h3 id="m4">com.qa.hrm.TestCases.JobPageTest#AddTitleTestCase</h3><table class="result"><tr><th class="invisible"/></tr></table><p class="totop"><a href="#summary">back to summary</a></p>
<h3 id="m5">com.qa.hrm.TestCases.JobPageTest#ValidateJobTitleCheckboxClick</h3><table class="result"><tr><th class="invisible"/></tr></table><p class="totop"><a href="#summary">back to summary</a></p>
<h3 id="m6">com.qa.hrm.TestCases.LoginPageTest#LoginTest</h3><table class="result"><tr><th class="invisible"/></tr></table><p class="totop"><a href="#summary">back to summary</a></p>
<h3 id="m7">com.qa.hrm.TestCases.LoginPageTest#ValidateImageDisplay</h3><table class="result"><tr><th class="invisible"/></tr></table><p class="totop"><a href="#summary">back to summary</a></p>
<h3 id="m8">com.qa.hrm.TestCases.LoginPageTest#ValidateTitleTest</h3><table class="result"><tr><th class="invisible"/></tr></table><p class="totop"><a href="#summary">back to summary</a></p>
<h3 id="m9">com.qa.hrm.TestCases.OrganizationStructureTestCase#ValidateAlert</h3><table class="result"><tr><th class="invisible"/></tr></table><p class="totop"><a href="#summary">back to summary</a></p>
<h3 id="m10">com.qa.hrm.TestCases.SystemUserTestCase#ValidateSystemUsers</h3><table class="result"><tr><th class="invisible"/></tr></table><p class="totop"><a href="#summary">back to summary</a></p>
<h3 id="m11">com.qa.hrm.TestCases.WorkShiftTestCase#JobTitleForm</h3><table class="result"><tr><th class="invisible"/></tr></table><p class="totop"><a href="#summary">back to summary</a></p>
</body>
</html>
