<?xml version="1.0" encoding="UTF-8"?>
<testng-results skipped="0" failed="2" ignored="0" total="12" passed="10">
  <reporter-output>
  </reporter-output>
  <suite name="FREE CRM Application Test Automation Test Suite" duration-ms="364715" started-at="2020-04-07T16:51:10 IST" finished-at="2020-04-07T16:57:14 IST">
    <groups>
    </groups>
    <test name="HRM test case" duration-ms="364715" started-at="2020-04-07T16:51:10 IST" finished-at="2020-04-07T16:57:14 IST">
      <class name="com.qa.hrm.TestCases.AddJobTitleTest">
        <test-method status="PASS" signature="SetUp()[pri:0, instance:com.qa.hrm.TestCases.AddJobTitleTest@436e852b]" name="SetUp" is-config="true" duration-ms="49286" started-at="2020-04-07T16:51:10 IST" finished-at="2020-04-07T16:51:59 IST">
          <reporter-output>
          </reporter-output>
        </test-method> <!-- SetUp -->
        <test-method status="FAIL" signature="JobTitleForm()[pri:1, instance:com.qa.hrm.TestCases.AddJobTitleTest@436e852b]" name="JobTitleForm" duration-ms="41959" started-at="2020-04-07T16:51:59 IST" finished-at="2020-04-07T16:52:41 IST">
          <exception class="org.openqa.selenium.NoSuchElementException">
            <message>
              <![CDATA[no such element: Unable to locate element: {"method":"xpath","selector":"//input[@class='editButton']"}
  (Session info: chrome=80.0.3987.163)
For documentation on this error, please visit: https://selenium.dev/exceptions/#no_such_element
Build info: version: '4.0.0-alpha-5', revision: 'b3a0d621cc'
System info: host: 'DESKTOP-NOBQL6Q', ip: '192.168.1.7', os.name: 'Windows 10', os.arch: 'amd64', os.version: '10.0', java.version: '1.8.0_202'
Driver info: org.openqa.selenium.chrome.ChromeDriver
Capabilities {acceptInsecureCerts: false, browserName: chrome, browserVersion: 80.0.3987.163, chrome: {chromedriverVersion: 79.0.3945.36 (3582db32b3389..., userDataDir: C:\Users\Shruthi\AppData\Lo...}, goog:chromeOptions: {debuggerAddress: localhost:52174}, javascriptEnabled: true, networkConnectionEnabled: false, pageLoadStrategy: normal, platform: WINDOWS, platformName: WINDOWS, proxy: Proxy(), setWindowRect: true, strictFileInteractability: false, timeouts: {implicit: 0, pageLoad: 300000, script: 30000}, unhandledPromptBehavior: dismiss and notify}
Session ID: 687704b20b0f03c0f56abcc62756162d
*** Element info: {Using=xpath, value=//input[@class='editButton']}]]>
            </message>
            <full-stacktrace>
              <![CDATA[org.openqa.selenium.NoSuchElementException: no such element: Unable to locate element: {"method":"xpath","selector":"//input[@class='editButton']"}
  (Session info: chrome=80.0.3987.163)
For documentation on this error, please visit: https://selenium.dev/exceptions/#no_such_element
Build info: version: '4.0.0-alpha-5', revision: 'b3a0d621cc'
System info: host: 'DESKTOP-NOBQL6Q', ip: '192.168.1.7', os.name: 'Windows 10', os.arch: 'amd64', os.version: '10.0', java.version: '1.8.0_202'
Driver info: org.openqa.selenium.chrome.ChromeDriver
Capabilities {acceptInsecureCerts: false, browserName: chrome, browserVersion: 80.0.3987.163, chrome: {chromedriverVersion: 79.0.3945.36 (3582db32b3389..., userDataDir: C:\Users\Shruthi\AppData\Lo...}, goog:chromeOptions: {debuggerAddress: localhost:52174}, javascriptEnabled: true, networkConnectionEnabled: false, pageLoadStrategy: normal, platform: WINDOWS, platformName: WINDOWS, proxy: Proxy(), setWindowRect: true, strictFileInteractability: false, timeouts: {implicit: 0, pageLoad: 300000, script: 30000}, unhandledPromptBehavior: dismiss and notify}
Session ID: 687704b20b0f03c0f56abcc62756162d
*** Element info: {Using=xpath, value=//input[@class='editButton']}
at sun.reflect.NativeConstructorAccessorImpl.newInstance0(Native Method)
at sun.reflect.NativeConstructorAccessorImpl.newInstance(NativeConstructorAccessorImpl.java:62)
at sun.reflect.DelegatingConstructorAccessorImpl.newInstance(DelegatingConstructorAccessorImpl.java:45)
at java.lang.reflect.Constructor.newInstance(Constructor.java:423)
at org.openqa.selenium.remote.codec.w3c.W3CHttpResponseCodec.createException(W3CHttpResponseCodec.java:196)
at org.openqa.selenium.remote.codec.w3c.W3CHttpResponseCodec.decode(W3CHttpResponseCodec.java:129)
at org.openqa.selenium.remote.codec.w3c.W3CHttpResponseCodec.decode(W3CHttpResponseCodec.java:53)
at org.openqa.selenium.remote.HttpCommandExecutor.execute(HttpCommandExecutor.java:161)
at org.openqa.selenium.remote.service.DriverCommandExecutor.execute(DriverCommandExecutor.java:83)
at org.openqa.selenium.remote.RemoteWebDriver.execute(RemoteWebDriver.java:582)
at org.openqa.selenium.remote.RemoteWebDriver.findElement(RemoteWebDriver.java:333)
at org.openqa.selenium.remote.RemoteWebDriver.findElementByXPath(RemoteWebDriver.java:451)
at org.openqa.selenium.By$ByXPath.findElement(By.java:394)
at org.openqa.selenium.remote.RemoteWebDriver.findElement(RemoteWebDriver.java:325)
at org.openqa.selenium.support.pagefactory.DefaultElementLocator.findElement(DefaultElementLocator.java:70)
at org.openqa.selenium.support.pagefactory.internal.LocatingElementHandler.invoke(LocatingElementHandler.java:39)
at com.sun.proxy.$Proxy14.click(Unknown Source)
at com.qa.hrm.pages.AddJobTitlePage.JobTitleForm(AddJobTitlePage.java:43)
at com.qa.hrm.TestCases.AddJobTitleTest.JobTitleForm(AddJobTitleTest.java:40)
at sun.reflect.NativeMethodAccessorImpl.invoke0(Native Method)
at sun.reflect.NativeMethodAccessorImpl.invoke(NativeMethodAccessorImpl.java:62)
at sun.reflect.DelegatingMethodAccessorImpl.invoke(DelegatingMethodAccessorImpl.java:43)
at java.lang.reflect.Method.invoke(Method.java:498)
at org.testng.internal.MethodInvocationHelper.invokeMethod(MethodInvocationHelper.java:134)
at org.testng.internal.TestInvoker.invokeMethod(TestInvoker.java:597)
at org.testng.internal.TestInvoker.invokeTestMethod(TestInvoker.java:173)
at org.testng.internal.MethodRunner.runInSequence(MethodRunner.java:46)
at org.testng.internal.TestInvoker$MethodInvocationAgent.invoke(TestInvoker.java:816)
at org.testng.internal.TestInvoker.invokeTestMethods(TestInvoker.java:146)
at org.testng.internal.TestMethodWorker.invokeTestMethods(TestMethodWorker.java:146)
at org.testng.internal.TestMethodWorker.run(TestMethodWorker.java:128)
at java.util.ArrayList.forEach(ArrayList.java:1257)
at org.testng.TestRunner.privateRun(TestRunner.java:766)
at org.testng.TestRunner.run(TestRunner.java:587)
at org.testng.SuiteRunner.runTest(SuiteRunner.java:384)
at org.testng.SuiteRunner.runSequentially(SuiteRunner.java:378)
at org.testng.SuiteRunner.privateRun(SuiteRunner.java:337)
at org.testng.SuiteRunner.run(SuiteRunner.java:286)
at org.testng.SuiteRunnerWorker.runSuite(SuiteRunnerWorker.java:53)
at org.testng.SuiteRunnerWorker.run(SuiteRunnerWorker.java:96)
at org.testng.TestNG.runSuitesSequentially(TestNG.java:1187)
at org.testng.TestNG.runSuitesLocally(TestNG.java:1109)
at org.testng.TestNG.runSuites(TestNG.java:1039)
at org.testng.TestNG.run(TestNG.java:1007)
at org.testng.remote.AbstractRemoteTestNG.run(AbstractRemoteTestNG.java:115)
at org.testng.remote.RemoteTestNG.initAndRun(RemoteTestNG.java:251)
at org.testng.remote.RemoteTestNG.main(RemoteTestNG.java:77)
]]>
            </full-stacktrace>
          </exception> <!-- org.openqa.selenium.NoSuchElementException -->
          <reporter-output>
          </reporter-output>
        </test-method> <!-- JobTitleForm -->
        <test-method status="PASS" signature="TearDown()[pri:0, instance:com.qa.hrm.TestCases.AddJobTitleTest@436e852b]" name="TearDown" is-config="true" duration-ms="917" started-at="2020-04-07T16:52:41 IST" finished-at="2020-04-07T16:52:42 IST">
          <reporter-output>
          </reporter-output>
        </test-method> <!-- TearDown -->
      </class> <!-- com.qa.hrm.TestCases.AddJobTitleTest -->
      <class name="com.qa.hrm.TestCases.GeneralInfoTestCase">
        <test-method status="FAIL" signature="validateGenralInfo(java.lang.String, [Ljava.lang.CharSequence;, java.lang.String, java.lang.String, java.lang.String, [Ljava.lang.CharSequence;, [Ljava.lang.CharSequence;, java.lang.String, java.lang.String)[pri:0, instance:com.qa.hrm.TestCases.GeneralInfoTestCase@32d2fa64]" name="validateGenralInfo" duration-ms="5032" started-at="2020-04-07T16:52:42 IST" data-provider="getHRMdata" finished-at="2020-04-07T16:52:47 IST">
          <exception class="org.testng.internal.reflect.MethodMatcherException">
            <message>
              <![CDATA[
[public void com.qa.hrm.TestCases.GeneralInfoTestCase.validateGenralInfo(java.lang.String,java.lang.CharSequence[],java.lang.String,java.lang.String,java.lang.String,java.lang.CharSequence[],java.lang.CharSequence[],java.lang.String,java.lang.String) throws java.io.IOException] has no parameters defined but was found to be using a data provider (either explicitly specified or inherited from class level annotation).
Data provider mismatch
Method: validateGenralInfo([Parameter{index=0, type=java.lang.String, declaredAnnotations=[]}, Parameter{index=1, type=[Ljava.lang.CharSequence;, declaredAnnotations=[]}, Parameter{index=2, type=java.lang.String, declaredAnnotations=[]}, Parameter{index=3, type=java.lang.String, declaredAnnotations=[]}, Parameter{index=4, type=java.lang.String, declaredAnnotations=[]}, Parameter{index=5, type=[Ljava.lang.CharSequence;, declaredAnnotations=[]}, Parameter{index=6, type=[Ljava.lang.CharSequence;, declaredAnnotations=[]}, Parameter{index=7, type=java.lang.String, declaredAnnotations=[]}, Parameter{index=8, type=java.lang.String, declaredAnnotations=[]}])
Arguments: [(java.lang.String) Ankita,(java.lang.String) 9.99999999E8,(java.lang.String) ankita@orageHRM.com,(java.lang.String) Paharganj,(java.lang.String) Delhi,(java.lang.String) 568878.0,(java.lang.String) 565455.0,(java.lang.String) Delhi]]]>
            </message>
            <full-stacktrace>
              <![CDATA[org.testng.internal.reflect.MethodMatcherException: 
[public void com.qa.hrm.TestCases.GeneralInfoTestCase.validateGenralInfo(java.lang.String,java.lang.CharSequence[],java.lang.String,java.lang.String,java.lang.String,java.lang.CharSequence[],java.lang.CharSequence[],java.lang.String,java.lang.String) throws java.io.IOException] has no parameters defined but was found to be using a data provider (either explicitly specified or inherited from class level annotation).
Data provider mismatch
Method: validateGenralInfo([Parameter{index=0, type=java.lang.String, declaredAnnotations=[]}, Parameter{index=1, type=[Ljava.lang.CharSequence;, declaredAnnotations=[]}, Parameter{index=2, type=java.lang.String, declaredAnnotations=[]}, Parameter{index=3, type=java.lang.String, declaredAnnotations=[]}, Parameter{index=4, type=java.lang.String, declaredAnnotations=[]}, Parameter{index=5, type=[Ljava.lang.CharSequence;, declaredAnnotations=[]}, Parameter{index=6, type=[Ljava.lang.CharSequence;, declaredAnnotations=[]}, Parameter{index=7, type=java.lang.String, declaredAnnotations=[]}, Parameter{index=8, type=java.lang.String, declaredAnnotations=[]}])
Arguments: [(java.lang.String) Ankita,(java.lang.String) 9.99999999E8,(java.lang.String) ankita@orageHRM.com,(java.lang.String) Paharganj,(java.lang.String) Delhi,(java.lang.String) 568878.0,(java.lang.String) 565455.0,(java.lang.String) Delhi]
at org.testng.internal.reflect.DataProviderMethodMatcher.getConformingArguments(DataProviderMethodMatcher.java:43)
at org.testng.internal.Parameters.injectParameters(Parameters.java:909)
at org.testng.internal.MethodRunner.runInSequence(MethodRunner.java:34)
at org.testng.internal.TestInvoker$MethodInvocationAgent.invoke(TestInvoker.java:816)
at org.testng.internal.TestInvoker.invokeTestMethods(TestInvoker.java:146)
at org.testng.internal.TestMethodWorker.invokeTestMethods(TestMethodWorker.java:146)
at org.testng.internal.TestMethodWorker.run(TestMethodWorker.java:128)
at java.util.ArrayList.forEach(ArrayList.java:1257)
at org.testng.TestRunner.privateRun(TestRunner.java:766)
at org.testng.TestRunner.run(TestRunner.java:587)
at org.testng.SuiteRunner.runTest(SuiteRunner.java:384)
at org.testng.SuiteRunner.runSequentially(SuiteRunner.java:378)
at org.testng.SuiteRunner.privateRun(SuiteRunner.java:337)
at org.testng.SuiteRunner.run(SuiteRunner.java:286)
at org.testng.SuiteRunnerWorker.runSuite(SuiteRunnerWorker.java:53)
at org.testng.SuiteRunnerWorker.run(SuiteRunnerWorker.java:96)
at org.testng.TestNG.runSuitesSequentially(TestNG.java:1187)
at org.testng.TestNG.runSuitesLocally(TestNG.java:1109)
at org.testng.TestNG.runSuites(TestNG.java:1039)
at org.testng.TestNG.run(TestNG.java:1007)
at org.testng.remote.AbstractRemoteTestNG.run(AbstractRemoteTestNG.java:115)
at org.testng.remote.RemoteTestNG.initAndRun(RemoteTestNG.java:251)
at org.testng.remote.RemoteTestNG.main(RemoteTestNG.java:77)
]]>
            </full-stacktrace>
          </exception> <!-- org.testng.internal.reflect.MethodMatcherException -->
          <reporter-output>
          </reporter-output>
        </test-method> <!-- validateGenralInfo -->
      </class> <!-- com.qa.hrm.TestCases.GeneralInfoTestCase -->
      <class name="com.qa.hrm.TestCases.LoginPageTest">
        <test-method status="PASS" signature="SetUp()[pri:0, instance:com.qa.hrm.TestCases.LoginPageTest@9a7504c]" name="SetUp" is-config="true" duration-ms="17804" started-at="2020-04-07T16:54:42 IST" finished-at="2020-04-07T16:55:00 IST">
          <reporter-output>
          </reporter-output>
        </test-method> <!-- SetUp -->
        <test-method status="PASS" signature="ValidateTitleTest()[pri:1, instance:com.qa.hrm.TestCases.LoginPageTest@9a7504c]" name="ValidateTitleTest" duration-ms="296" started-at="2020-04-07T16:55:00 IST" finished-at="2020-04-07T16:55:01 IST">
          <reporter-output>
          </reporter-output>
        </test-method> <!-- ValidateTitleTest -->
        <test-method status="PASS" signature="TearDown()[pri:0, instance:com.qa.hrm.TestCases.LoginPageTest@9a7504c]" name="TearDown" is-config="true" duration-ms="967" started-at="2020-04-07T16:55:01 IST" finished-at="2020-04-07T16:55:02 IST">
          <reporter-output>
          </reporter-output>
        </test-method> <!-- TearDown -->
        <test-method status="PASS" signature="SetUp()[pri:0, instance:com.qa.hrm.TestCases.LoginPageTest@9a7504c]" name="SetUp" is-config="true" duration-ms="17180" started-at="2020-04-07T16:55:02 IST" finished-at="2020-04-07T16:55:19 IST">
          <reporter-output>
          </reporter-output>
        </test-method> <!-- SetUp -->
        <test-method status="PASS" signature="ValidateImageDisplay()[pri:2, instance:com.qa.hrm.TestCases.LoginPageTest@9a7504c]" name="ValidateImageDisplay" duration-ms="272" started-at="2020-04-07T16:55:19 IST" finished-at="2020-04-07T16:55:19 IST">
          <reporter-output>
          </reporter-output>
        </test-method> <!-- ValidateImageDisplay -->
        <test-method status="PASS" signature="TearDown()[pri:0, instance:com.qa.hrm.TestCases.LoginPageTest@9a7504c]" name="TearDown" is-config="true" duration-ms="1088" started-at="2020-04-07T16:55:19 IST" finished-at="2020-04-07T16:55:20 IST">
          <reporter-output>
          </reporter-output>
        </test-method> <!-- TearDown -->
        <test-method status="PASS" signature="SetUp()[pri:0, instance:com.qa.hrm.TestCases.LoginPageTest@9a7504c]" name="SetUp" is-config="true" duration-ms="17812" started-at="2020-04-07T16:55:20 IST" finished-at="2020-04-07T16:55:38 IST">
          <reporter-output>
          </reporter-output>
        </test-method> <!-- SetUp -->
        <test-method status="PASS" signature="LoginTest()[pri:3, instance:com.qa.hrm.TestCases.LoginPageTest@9a7504c]" name="LoginTest" duration-ms="7349" started-at="2020-04-07T16:55:38 IST" finished-at="2020-04-07T16:55:45 IST">
          <reporter-output>
          </reporter-output>
        </test-method> <!-- LoginTest -->
        <test-method status="PASS" signature="TearDown()[pri:0, instance:com.qa.hrm.TestCases.LoginPageTest@9a7504c]" name="TearDown" is-config="true" duration-ms="1012" started-at="2020-04-07T16:55:45 IST" finished-at="2020-04-07T16:55:46 IST">
          <reporter-output>
          </reporter-output>
        </test-method> <!-- TearDown -->
      </class> <!-- com.qa.hrm.TestCases.LoginPageTest -->
      <class name="com.qa.hrm.TestCases.JobPageTest">
        <test-method status="PASS" signature="SetUp()[pri:0, instance:com.qa.hrm.TestCases.JobPageTest@3e57cd70]" name="SetUp" is-config="true" duration-ms="25744" started-at="2020-04-07T16:53:44 IST" finished-at="2020-04-07T16:54:09 IST">
          <reporter-output>
          </reporter-output>
        </test-method> <!-- SetUp -->
        <test-method status="PASS" signature="AddTitleTestCase()[pri:0, instance:com.qa.hrm.TestCases.JobPageTest@3e57cd70]" name="AddTitleTestCase" duration-ms="1049" started-at="2020-04-07T16:54:09 IST" finished-at="2020-04-07T16:54:10 IST">
          <reporter-output>
          </reporter-output>
        </test-method> <!-- AddTitleTestCase -->
        <test-method status="PASS" signature="TearDown()[pri:0, instance:com.qa.hrm.TestCases.JobPageTest@3e57cd70]" name="TearDown" is-config="true" duration-ms="1005" started-at="2020-04-07T16:54:10 IST" finished-at="2020-04-07T16:54:11 IST">
          <reporter-output>
          </reporter-output>
        </test-method> <!-- TearDown -->
        <test-method status="PASS" signature="SetUp()[pri:0, instance:com.qa.hrm.TestCases.JobPageTest@3e57cd70]" name="SetUp" is-config="true" duration-ms="29482" started-at="2020-04-07T16:54:11 IST" finished-at="2020-04-07T16:54:41 IST">
          <reporter-output>
          </reporter-output>
        </test-method> <!-- SetUp -->
        <test-method status="PASS" signature="ValidateJobTitleCheckboxClick()[pri:1, instance:com.qa.hrm.TestCases.JobPageTest@3e57cd70]" name="ValidateJobTitleCheckboxClick" duration-ms="332" started-at="2020-04-07T16:54:41 IST" finished-at="2020-04-07T16:54:41 IST">
          <reporter-output>
          </reporter-output>
        </test-method> <!-- ValidateJobTitleCheckboxClick -->
        <test-method status="PASS" signature="TearDown()[pri:0, instance:com.qa.hrm.TestCases.JobPageTest@3e57cd70]" name="TearDown" is-config="true" duration-ms="1273" started-at="2020-04-07T16:54:41 IST" finished-at="2020-04-07T16:54:42 IST">
          <reporter-output>
          </reporter-output>
        </test-method> <!-- TearDown -->
      </class> <!-- com.qa.hrm.TestCases.JobPageTest -->
      <class name="com.qa.hrm.TestCases.HomeTestCase">
        <test-method status="PASS" signature="SetUp()[pri:0, instance:com.qa.hrm.TestCases.HomeTestCase@1d8d30f7]" name="SetUp" is-config="true" duration-ms="24274" started-at="2020-04-07T16:52:47 IST" finished-at="2020-04-07T16:53:11 IST">
          <reporter-output>
          </reporter-output>
        </test-method> <!-- SetUp -->
        <test-method status="PASS" signature="validateAdminJobTest()[pri:0, instance:com.qa.hrm.TestCases.HomeTestCase@1d8d30f7]" name="validateAdminJobTest" duration-ms="2161" started-at="2020-04-07T16:53:11 IST" finished-at="2020-04-07T16:53:13 IST">
          <reporter-output>
          </reporter-output>
        </test-method> <!-- validateAdminJobTest -->
        <test-method status="PASS" signature="TearDown()[pri:0, instance:com.qa.hrm.TestCases.HomeTestCase@1d8d30f7]" name="TearDown" is-config="true" duration-ms="1270" started-at="2020-04-07T16:53:13 IST" finished-at="2020-04-07T16:53:15 IST">
          <reporter-output>
          </reporter-output>
        </test-method> <!-- TearDown -->
        <test-method status="PASS" signature="SetUp()[pri:0, instance:com.qa.hrm.TestCases.HomeTestCase@1d8d30f7]" name="SetUp" is-config="true" duration-ms="21468" started-at="2020-04-07T16:53:15 IST" finished-at="2020-04-07T16:53:36 IST">
          <reporter-output>
          </reporter-output>
        </test-method> <!-- SetUp -->
        <test-method status="PASS" signature="ValidateAdminLinkTest()[pri:1, instance:com.qa.hrm.TestCases.HomeTestCase@1d8d30f7]" name="ValidateAdminLinkTest" duration-ms="6048" started-at="2020-04-07T16:53:36 IST" finished-at="2020-04-07T16:53:42 IST">
          <reporter-output>
          </reporter-output>
        </test-method> <!-- ValidateAdminLinkTest -->
        <test-method status="PASS" signature="TearDown()[pri:0, instance:com.qa.hrm.TestCases.HomeTestCase@1d8d30f7]" name="TearDown" is-config="true" duration-ms="1291" started-at="2020-04-07T16:53:42 IST" finished-at="2020-04-07T16:53:44 IST">
          <reporter-output>
          </reporter-output>
        </test-method> <!-- TearDown -->
      </class> <!-- com.qa.hrm.TestCases.HomeTestCase -->
      <class name="com.qa.hrm.TestCases.WorkShiftTestCase">
        <test-method status="PASS" signature="SetUp()[pri:0, instance:com.qa.hrm.TestCases.WorkShiftTestCase@58c1670b]" name="SetUp" is-config="true" duration-ms="24695" started-at="2020-04-07T16:56:47 IST" finished-at="2020-04-07T16:57:12 IST">
          <reporter-output>
          </reporter-output>
        </test-method> <!-- SetUp -->
        <test-method status="PASS" signature="JobTitleForm()[pri:1, instance:com.qa.hrm.TestCases.WorkShiftTestCase@58c1670b]" name="JobTitleForm" duration-ms="1320" started-at="2020-04-07T16:57:12 IST" finished-at="2020-04-07T16:57:13 IST">
          <reporter-output>
          </reporter-output>
        </test-method> <!-- JobTitleForm -->
        <test-method status="PASS" signature="TearDown()[pri:0, instance:com.qa.hrm.TestCases.WorkShiftTestCase@58c1670b]" name="TearDown" is-config="true" duration-ms="1013" started-at="2020-04-07T16:57:13 IST" finished-at="2020-04-07T16:57:14 IST">
          <reporter-output>
          </reporter-output>
        </test-method> <!-- TearDown -->
      </class> <!-- com.qa.hrm.TestCases.WorkShiftTestCase -->
      <class name="com.qa.hrm.TestCases.OrganizationStructureTestCase">
        <test-method status="PASS" signature="SetUp()[pri:0, instance:com.qa.hrm.TestCases.OrganizationStructureTestCase@2c039ac6]" name="SetUp" is-config="true" duration-ms="26727" started-at="2020-04-07T16:55:46 IST" finished-at="2020-04-07T16:56:13 IST">
          <reporter-output>
          </reporter-output>
        </test-method> <!-- SetUp -->
        <test-method status="PASS" signature="ValidateAlert()[pri:0, instance:com.qa.hrm.TestCases.OrganizationStructureTestCase@2c039ac6]" name="ValidateAlert" duration-ms="2731" started-at="2020-04-07T16:56:13 IST" finished-at="2020-04-07T16:56:16 IST">
          <reporter-output>
          </reporter-output>
        </test-method> <!-- ValidateAlert -->
        <test-method status="PASS" signature="TearDown()[pri:0, instance:com.qa.hrm.TestCases.OrganizationStructureTestCase@2c039ac6]" name="TearDown" is-config="true" duration-ms="970" started-at="2020-04-07T16:56:16 IST" finished-at="2020-04-07T16:56:17 IST">
          <reporter-output>
          </reporter-output>
        </test-method> <!-- TearDown -->
      </class> <!-- com.qa.hrm.TestCases.OrganizationStructureTestCase -->
      <class name="com.qa.hrm.TestCases.SystemUserTestCase">
        <test-method status="PASS" signature="SetUp()[pri:0, instance:com.qa.hrm.TestCases.SystemUserTestCase@587d1d39]" name="SetUp" is-config="true" duration-ms="26424" started-at="2020-04-07T16:56:17 IST" finished-at="2020-04-07T16:56:43 IST">
          <reporter-output>
          </reporter-output>
        </test-method> <!-- SetUp -->
        <test-method status="PASS" signature="ValidateSystemUsers()[pri:1, instance:com.qa.hrm.TestCases.SystemUserTestCase@587d1d39]" name="ValidateSystemUsers" duration-ms="3088" started-at="2020-04-07T16:56:43 IST" finished-at="2020-04-07T16:56:46 IST">
          <reporter-output>
          </reporter-output>
        </test-method> <!-- ValidateSystemUsers -->
        <test-method status="PASS" signature="TearDown()[pri:0, instance:com.qa.hrm.TestCases.SystemUserTestCase@587d1d39]" name="TearDown" is-config="true" duration-ms="1131" started-at="2020-04-07T16:56:46 IST" finished-at="2020-04-07T16:56:47 IST">
          <reporter-output>
          </reporter-output>
        </test-method> <!-- TearDown -->
      </class> <!-- com.qa.hrm.TestCases.SystemUserTestCase -->
    </test> <!-- HRM test case -->
  </suite> <!-- FREE CRM Application Test Automation Test Suite -->
</testng-results>
